<?xml version="1.0" encoding="UTF-8"?>
<testng-results ignored="0" total="1" passed="0" failed="1" skipped="0">
  <reporter-output>
  </reporter-output>
  <suite started-at="2025-05-23T15:00:31 GMT+03:00" name="Surefire suite" finished-at="2025-05-23T15:00:47 GMT+03:00" duration-ms="16298">
    <groups>
      <group name="cucumber">
        <method signature="AbstractTestNGCucumberTests.runScenario(io.cucumber.testng.PickleWrapper,io.cucumber.testng.FeatureWrapper)[pri:0, instance:CucumberTestRunner@14dd7b39]" name="runScenario" class="io.cucumber.testng.AbstractTestNGCucumberTests"/>
      </group> <!-- cucumber -->
    </groups>
    <test started-at="2025-05-23T15:00:31 GMT+03:00" name="Surefire test" finished-at="2025-05-23T15:00:47 GMT+03:00" duration-ms="16298">
      <class name="CucumberTestRunner">
        <test-method is-config="true" signature="setUpClass(org.testng.ITestContext)[pri:0, instance:CucumberTestRunner@14dd7b39]" started-at="2025-05-23T15:00:31 GMT+03:00" name="setUpClass" finished-at="2025-05-23T15:00:31 GMT+03:00" duration-ms="235" status="PASS">
          <params>
            <param index="0">
              <value>
                <![CDATA[org.testng.TestRunner@15fc442]]>
              </value>
            </param>
          </params>
          <reporter-output>
          </reporter-output>
        </test-method> <!-- setUpClass -->
        <test-method is-config="true" signature="setup(java.lang.String)[pri:0, instance:CucumberTestRunner@14dd7b39]" started-at="2025-05-23T15:00:31 GMT+03:00" name="setup" finished-at="2025-05-23T15:00:35 GMT+03:00" duration-ms="3996" status="PASS">
          <params>
            <param index="0">
              <value>
                <![CDATA[firefox]]>
              </value>
            </param>
          </params>
          <reporter-output>
          </reporter-output>
        </test-method> <!-- setup -->
        <test-method signature="runScenario(io.cucumber.testng.PickleWrapper,io.cucumber.testng.FeatureWrapper)[pri:0, instance:CucumberTestRunner@14dd7b39]" started-at="2025-05-23T15:00:35 GMT+03:00" name="runScenario" description="Runs Cucumber Scenarios" data-provider="scenarios" finished-at="2025-05-23T15:00:47 GMT+03:00" duration-ms="11933" status="FAIL">
          <params>
            <param index="0">
              <value>
                <![CDATA["Valid login with example"]]>
              </value>
            </param>
            <param index="1">
              <value>
                <![CDATA["Login functionality"]]>
              </value>
            </param>
          </params>
          <exception class="org.openqa.selenium.TimeoutException">
            <message>
              <![CDATA[Expected condition failed: waiting for url to contain "dashboard". Current url: "https://opensource-demo.orangehrmlive.com/web/index.php/auth/login" (tried for 10 second(s) with 500 milliseconds interval)
Build info: version: '4.4.0', revision: 'e5c75ed026a'
System info: host: 'RUHHQMDD-MB003', ip: '2001:16a2:ca73:8000:3182:638e:f55b:c15d%en0', os.name: 'Mac OS X', os.arch: 'aarch64', os.version: '14.5', java.version: '23.0.2'
Driver info: org.openqa.selenium.firefox.FirefoxDriver
Capabilities {acceptInsecureCerts: true, browserName: firefox, browserVersion: 96.0.3, moz:accessibilityChecks: false, moz:buildID: 20220126154723, moz:debuggerAddress: localhost:57740, moz:geckodriverVersion: 0.31.0, moz:headless: true, moz:processID: 33832, moz:profile: /var/folders/wl/zpw609m9197..., moz:shutdownTimeout: 60000, moz:useNonSpecCompliantPointerOrigin: false, moz:webdriverClick: true, pageLoadStrategy: normal, platformName: MAC, platformVersion: 23.5.0, proxy: Proxy(), se:cdp: ws://localhost:57740/devtoo..., se:cdpVersion: 85.0, setWindowRect: true, strictFileInteractability: false, timeouts: {implicit: 0, pageLoad: 300000, script: 30000}, unhandledPromptBehavior: dismiss and notify}
Session ID: 8d9181ee-798a-42fa-a483-ba56228ab848]]>
            </message>
            <full-stacktrace>
              <![CDATA[org.openqa.selenium.TimeoutException: Expected condition failed: waiting for url to contain "dashboard". Current url: "https://opensource-demo.orangehrmlive.com/web/index.php/auth/login" (tried for 10 second(s) with 500 milliseconds interval)
Build info: version: '4.4.0', revision: 'e5c75ed026a'
System info: host: 'RUHHQMDD-MB003', ip: '2001:16a2:ca73:8000:3182:638e:f55b:c15d%en0', os.name: 'Mac OS X', os.arch: 'aarch64', os.version: '14.5', java.version: '23.0.2'
Driver info: org.openqa.selenium.firefox.FirefoxDriver
Capabilities {acceptInsecureCerts: true, browserName: firefox, browserVersion: 96.0.3, moz:accessibilityChecks: false, moz:buildID: 20220126154723, moz:debuggerAddress: localhost:57740, moz:geckodriverVersion: 0.31.0, moz:headless: true, moz:processID: 33832, moz:profile: /var/folders/wl/zpw609m9197..., moz:shutdownTimeout: 60000, moz:useNonSpecCompliantPointerOrigin: false, moz:webdriverClick: true, pageLoadStrategy: normal, platformName: MAC, platformVersion: 23.5.0, proxy: Proxy(), se:cdp: ws://localhost:57740/devtoo..., se:cdpVersion: 85.0, setWindowRect: true, strictFileInteractability: false, timeouts: {implicit: 0, pageLoad: 300000, script: 30000}, unhandledPromptBehavior: dismiss and notify}
Session ID: 8d9181ee-798a-42fa-a483-ba56228ab848
at org.openqa.selenium.support.ui.WebDriverWait.timeoutException(WebDriverWait.java:87)
at org.openqa.selenium.support.ui.FluentWait.until(FluentWait.java:231)
at selenium.base.BasePage.waitForUrlToContain(BasePage.java:61)
at selenium.pages.LoginPage.waitForURLToContainDashboard(LoginPage.java:45)
at selenium.stepDefs.LoginSteps.waitForDashboard(LoginSteps.java:77)
at ✽.I wait for dashboard to be loaded(file:///Users/hira.wahid/UITestFramework/src/test/resources/features/login.feature:34)
]]>
            </full-stacktrace>
          </exception> <!-- org.openqa.selenium.TimeoutException -->
          <reporter-output>
          </reporter-output>
        </test-method> <!-- runScenario -->
        <test-method is-config="true" signature="cleanupSession()[pri:0, instance:CucumberTestRunner@14dd7b39]" started-at="2025-05-23T15:00:47 GMT+03:00" name="cleanupSession" finished-at="2025-05-23T15:00:47 GMT+03:00" duration-ms="51" status="PASS">
          <reporter-output>
          </reporter-output>
        </test-method> <!-- cleanupSession -->
        <test-method is-config="true" signature="tearDown()[pri:0, instance:CucumberTestRunner@14dd7b39]" started-at="2025-05-23T15:00:47 GMT+03:00" name="tearDown" finished-at="2025-05-23T15:00:47 GMT+03:00" duration-ms="1" status="PASS">
          <reporter-output>
          </reporter-output>
        </test-method> <!-- tearDown -->
        <test-method is-config="true" signature="tearDownClass()[pri:0, instance:CucumberTestRunner@14dd7b39]" started-at="2025-05-23T15:00:47 GMT+03:00" name="tearDownClass" finished-at="2025-05-23T15:00:47 GMT+03:00" duration-ms="22" status="PASS">
          <reporter-output>
          </reporter-output>
        </test-method> <!-- tearDownClass -->
      </class> <!-- CucumberTestRunner -->
    </test> <!-- Surefire test -->
  </suite> <!-- Surefire suite -->
</testng-results>
