<?xml version="1.0" encoding="UTF-8"?>
<testsuite xmlns:xsi="http://www.w3.org/2001/XMLSchema-instance" xsi:noNamespaceSchemaLocation="https://maven.apache.org/surefire/maven-surefire-plugin/xsd/surefire-test-report-3.0.xsd" version="3.0" name="TestSuite" time="55.05" tests="7" errors="0" skipped="0" failures="2">
  <properties>
[...]
</properties>
  <testcase name="test_AdminPage" classname="selenium.UITests" time="3.571">
    <failure message="null" type="java.lang.AssertionError"><![CDATA[java.lang.AssertionError: null
	at org.testng.Assert.fail(Assert.java:110)
	at org.testng.Assert.fail(Assert.java:115)
	at selenium.UITests.test_AdminPage(UITests.java:53)
	at java.base/jdk.internal.reflect.DirectMethodHandleAccessor.invoke(DirectMethodHandleAccessor.java:103)
	at java.base/java.lang.reflect.Method.invoke(Method.java:580)
	at org.testng.internal.invokers.MethodInvocationHelper.invokeMethod(MethodInvocationHelper.java:139)
	at org.testng.internal.invokers.TestInvoker.invokeMethod(TestInvoker.java:677)
	at org.testng.internal.invokers.TestInvoker.invokeTestMethod(TestInvoker.java:221)
	at org.testng.internal.invokers.MethodRunner.runInSequence(MethodRunner.java:50)
	at org.testng.internal.invokers.TestInvoker$MethodInvocationAgent.invoke(TestInvoker.java:969)
	at org.testng.internal.invokers.TestInvoker.invokeTestMethods(TestInvoker.java:194)
	at org.testng.internal.invokers.TestMethodWorker.invokeTestMethods(TestMethodWorker.java:148)
	at org.testng.internal.invokers.TestMethodWorker.run(TestMethodWorker.java:128)
	at java.base/java.util.ArrayList.forEach(ArrayList.java:1597)
	at org.testng.TestRunner.privateRun(TestRunner.java:829)
	at org.testng.TestRunner.run(TestRunner.java:602)
	at org.testng.SuiteRunner.runTest(SuiteRunner.java:437)
	at org.testng.SuiteRunner$SuiteWorker.run(SuiteRunner.java:475)
	at org.testng.internal.thread.ThreadUtil.lambda$execute$0(ThreadUtil.java:58)
	at java.base/java.util.concurrent.FutureTask.run(FutureTask.java:317)
	at java.base/java.util.concurrent.ThreadPoolExecutor.runWorker(ThreadPoolExecutor.java:1144)
	at java.base/java.util.concurrent.ThreadPoolExecutor$Worker.run(ThreadPoolExecutor.java:642)
	at java.base/java.lang.Thread.run(Thread.java:1575)
]]></failure>
    <system-out><![CDATA[17:58:34 [main] WARN  org.testng.TestNG - Ignoring duplicate listener : io.qameta.allure.testng.AllureTestNg
17:58:34 [main] WARN  org.testng.TestNG - Ignoring duplicate listener : io.qameta.allure.testng.AllureTestNg
17:58:34 [main] WARN  org.testng.TestNG - Ignoring duplicate listener : io.qameta.allure.testng.AllureTestNg
17:58:34 [TestNG-tests-1] INFO  io.github.bonigarcia.wdm.WebDriverManager - Using geckodriver 0.31.0 (resolved driver for Firefox 96)
17:58:34 [TestNG-tests-1] INFO  io.github.bonigarcia.wdm.WebDriverManager - Exporting webdriver.gecko.driver as /Users/hira.wahid/.cache/selenium/geckodriver/mac-arm64/0.31.0/geckodriver
17:58:36 [TestNG-tests-1] INFO  Firefox-37 - running before test
17:58:36 [TestNG-tests-1] INFO  Firefox-37 - 🔹 Running login test with base URL: https://opensource-demo.orangehrmlive.com/web/index.php/auth/login
17:58:38 [TestNG-tests-1] INFO  Firefox-37 - running before method
17:58:38 [TestNG-tests-1] INFO  Firefox-37 - Logging In...
17:58:40 [TestNG-tests-1] INFO  Firefox-37 - test_Admin page
all window handles: [a86c3a2f-052a-44ca-bf1d-c398f3cc9d2c, d015d705-5520-4865-90b3-8c15180ab5b0]
17:58:44 [TestNG-tests-1] INFO  Firefox-37 - Taking screenshot: on testFailure event 
successfully captured screenshot
]]></system-out>
    <system-err><![CDATA[1745247514840	geckodriver	INFO	Listening on 127.0.0.1:55036
1745247514986	mozrunner::runner	INFO	Running command: "/Applications/Firefox.app/Contents/MacOS/firefox-bin" "--marionette" "-headless" "--remote-debugging-port" "53585" "--remote-allow-hosts" "localhost" "--remote-allow-origins" "http://localhost:53585/" "-foreground" "-no-remote" "-profile" "/var/folders/wl/zpw609m9197gl89j9x1hn63w0000gr/T/rust_mozprofilevxtg8N"
*** You are running in headless mode.
1745247515401	Marionette	INFO	Marionette enabled
[GFX1-]: RenderCompositorSWGL failed mapping default framebuffer, no dt
console.warn: SearchSettings: "get: No settings file exists, new profile?" (new NotFoundError("Could not open the file at /var/folders/wl/zpw609m9197gl89j9x1hn63w0000gr/T/rust_mozprofilevxtg8N/search.json.mozlz4", (void 0)))
console.error: BackgroundUpdate: 
  _reasonsToNotScheduleUpdates: Failed to check for Maintenance Service Registry Key: [Exception... "Component returned failure code: 0x80004001 (NS_ERROR_NOT_IMPLEMENTED) [nsIUpdateProcessor.getServiceRegKeyExists]"  nsresult: "0x80004001 (NS_ERROR_NOT_IMPLEMENTED)"  location: "JS frame :: resource://gre/modules/BackgroundUpdate.jsm :: _reasonsToNotScheduleUpdates :: line 243"  data: no]
DevTools listening on ws://localhost:53585/devtools/browser/2dfbae5b-62c6-4395-ae62-3206f7e7c750
1745247516504	Marionette	INFO	Listening on port 49590
Read port: 49590
1745247516541	RemoteAgent	WARN	TLS certificate errors will be ignored for this session
Apr 21, 2025 5:58:36 PM org.openqa.selenium.remote.ProtocolHandshake createSession
INFO: Detected upstream dialect: W3C
console.error: services.settings: 
  main/query-stripping Signature failed  InvalidSignatureError: Invalid content signature (main/query-stripping)
console.error: services.settings: 
  main/query-stripping local data was corrupted
console.warn: services.settings: main/query-stripping Signature verified failed. Retry from scratch
console.error: services.settings: 
  main/query-stripping Signature failed again InvalidSignatureError: Invalid content signature (main/query-stripping)
console.warn: LoginRecipes: "getRecipes: falling back to a synchronous message for:" "https://opensource-demo.orangehrmlive.com"
console.warn: LoginRecipes: "getRecipes: falling back to a synchronous message for:" "https://opensource-demo.orangehrmlive.com"
JavaScript error: resource://gre/modules/LoginManagerParent.jsm, line 136: TypeError: gRecipeManager is null
]]></system-err>
  </testcase>
  <testcase name="test_Buzz" classname="selenium.UITests" time="1.102">
    <system-out><![CDATA[17:58:44 [TestNG-tests-1] INFO  Firefox-37 - after test
17:58:44 [TestNG-tests-1] INFO  Firefox-37 - attaching screenshot
17:58:44 [TestNG-tests-1] INFO  io.github.bonigarcia.wdm.WebDriverManager - Using geckodriver 0.31.0 (resolved driver for Firefox 96)
17:58:44 [TestNG-tests-1] INFO  io.github.bonigarcia.wdm.WebDriverManager - Exporting webdriver.gecko.driver as /Users/hira.wahid/.cache/selenium/geckodriver/mac-arm64/0.31.0/geckodriver
17:58:46 [TestNG-tests-1] INFO  Firefox-37 - running before test
17:58:46 [TestNG-tests-1] INFO  Firefox-37 - 🔹 Running login test with base URL: https://opensource-demo.orangehrmlive.com/web/index.php/auth/login
17:58:48 [TestNG-tests-1] INFO  Firefox-37 - running before method
17:58:48 [TestNG-tests-1] INFO  Firefox-37 - Logging In...
17:58:50 [TestNG-tests-1] INFO  Firefox-37 - test_buzz
]]></system-out>
    <system-err><![CDATA[1745247524450	Marionette	INFO	Stopped listening on port 49590
1745247525016	geckodriver	INFO	Listening on 127.0.0.1:57637
1745247525025	mozrunner::runner	INFO	Running command: "/Applications/Firefox.app/Contents/MacOS/firefox-bin" "--marionette" "-headless" "--remote-debugging-port" "55892" "--remote-allow-hosts" "localhost" "--remote-allow-origins" "http://localhost:55892/" "-foreground" "-no-remote" "-profile" "/var/folders/wl/zpw609m9197gl89j9x1hn63w0000gr/T/rust_mozprofileDmdg7B"
*** You are running in headless mode.
1745247525307	Marionette	INFO	Marionette enabled
[GFX1-]: RenderCompositorSWGL failed mapping default framebuffer, no dt
console.warn: SearchSettings: "get: No settings file exists, new profile?" (new NotFoundError("Could not open the file at /var/folders/wl/zpw609m9197gl89j9x1hn63w0000gr/T/rust_mozprofileDmdg7B/search.json.mozlz4", (void 0)))
console.error: BackgroundUpdate: 
  _reasonsToNotScheduleUpdates: Failed to check for Maintenance Service Registry Key: [Exception... "Component returned failure code: 0x80004001 (NS_ERROR_NOT_IMPLEMENTED) [nsIUpdateProcessor.getServiceRegKeyExists]"  nsresult: "0x80004001 (NS_ERROR_NOT_IMPLEMENTED)"  location: "JS frame :: resource://gre/modules/BackgroundUpdate.jsm :: _reasonsToNotScheduleUpdates :: line 243"  data: no]
DevTools listening on ws://localhost:55892/devtools/browser/ac1fb6a9-4310-44d3-b3e6-19b00c768fdb
1745247526231	Marionette	INFO	Listening on port 50130
Read port: 50130
1745247526270	RemoteAgent	WARN	TLS certificate errors will be ignored for this session
Apr 21, 2025 5:58:46 PM org.openqa.selenium.remote.ProtocolHandshake createSession
INFO: Detected upstream dialect: W3C
console.error: services.settings: 
  main/query-stripping Signature failed  InvalidSignatureError: Invalid content signature (main/query-stripping)
console.error: services.settings: 
  main/query-stripping local data was corrupted
console.warn: services.settings: main/query-stripping Signature verified failed. Retry from scratch
console.error: services.settings: 
  main/query-stripping Signature failed again InvalidSignatureError: Invalid content signature (main/query-stripping)
console.warn: LoginRecipes: "getRecipes: falling back to a synchronous message for:" "https://opensource-demo.orangehrmlive.com"
console.warn: LoginRecipes: "getRecipes: falling back to a synchronous message for:" "https://opensource-demo.orangehrmlive.com"
JavaScript error: resource://gre/modules/LoginManagerParent.jsm, line 136: TypeError: gRecipeManager is null
]]></system-err>
  </testcase>
  <testcase name="test_EmployeeAlert" classname="selenium.UITests" time="3.58">
    <system-out><![CDATA[17:58:51 [TestNG-tests-1] INFO  Firefox-37 - after test
17:58:51 [TestNG-tests-1] INFO  Firefox-37 - attaching screenshot
17:58:52 [TestNG-tests-1] INFO  io.github.bonigarcia.wdm.WebDriverManager - Using geckodriver 0.31.0 (resolved driver for Firefox 96)
17:58:52 [TestNG-tests-1] INFO  io.github.bonigarcia.wdm.WebDriverManager - Exporting webdriver.gecko.driver as /Users/hira.wahid/.cache/selenium/geckodriver/mac-arm64/0.31.0/geckodriver
17:58:53 [TestNG-tests-1] INFO  Firefox-37 - running before test
17:58:53 [TestNG-tests-1] INFO  Firefox-37 - 🔹 Running login test with base URL: https://opensource-demo.orangehrmlive.com/web/index.php/auth/login
17:58:55 [TestNG-tests-1] INFO  Firefox-37 - running before method
17:58:55 [TestNG-tests-1] INFO  Firefox-37 - Logging In...
17:58:57 [TestNG-tests-1] INFO  Firefox-37 - test_employee alert
alert found
Custom alert found with text: ×
Employees on Leave Today
Configurations
Only show accessible employees on leave for other users
Cancel
Save
false
false
]]></system-out>
    <system-err><![CDATA[1745247531674	Marionette	INFO	Stopped listening on port 50130

###!!! [Child][RunMessage] Error: Channel closing: too late to send/recv, messages will be lost


###!!! [Parent][RunMessage] Error: Channel closing: too late to send/recv, messages will be lost

1745247532333	geckodriver	INFO	Listening on 127.0.0.1:57960
1745247532342	mozrunner::runner	INFO	Running command: "/Applications/Firefox.app/Contents/MacOS/firefox-bin" "--marionette" "-headless" "--remote-debugging-port" "58638" "--remote-allow-hosts" "localhost" "--remote-allow-origins" "http://localhost:58638/" "-foreground" "-no-remote" "-profile" "/var/folders/wl/zpw609m9197gl89j9x1hn63w0000gr/T/rust_mozprofilefB3Pu5"
*** You are running in headless mode.
1745247532625	Marionette	INFO	Marionette enabled
[GFX1-]: RenderCompositorSWGL failed mapping default framebuffer, no dt
console.warn: SearchSettings: "get: No settings file exists, new profile?" (new NotFoundError("Could not open the file at /var/folders/wl/zpw609m9197gl89j9x1hn63w0000gr/T/rust_mozprofilefB3Pu5/search.json.mozlz4", (void 0)))
console.error: BackgroundUpdate: 
  _reasonsToNotScheduleUpdates: Failed to check for Maintenance Service Registry Key: [Exception... "Component returned failure code: 0x80004001 (NS_ERROR_NOT_IMPLEMENTED) [nsIUpdateProcessor.getServiceRegKeyExists]"  nsresult: "0x80004001 (NS_ERROR_NOT_IMPLEMENTED)"  location: "JS frame :: resource://gre/modules/BackgroundUpdate.jsm :: _reasonsToNotScheduleUpdates :: line 243"  data: no]
DevTools listening on ws://localhost:58638/devtools/browser/8897d32d-b651-4eba-8e22-f91f064855ee
1745247533572	Marionette	INFO	Listening on port 54950
Read port: 54950
1745247533584	RemoteAgent	WARN	TLS certificate errors will be ignored for this session
Apr 21, 2025 5:58:53 PM org.openqa.selenium.remote.ProtocolHandshake createSession
INFO: Detected upstream dialect: W3C
console.error: services.settings: 
  main/query-stripping Signature failed  InvalidSignatureError: Invalid content signature (main/query-stripping)
console.error: services.settings: 
  main/query-stripping local data was corrupted
console.warn: services.settings: main/query-stripping Signature verified failed. Retry from scratch
console.error: services.settings: 
  main/query-stripping Signature failed again InvalidSignatureError: Invalid content signature (main/query-stripping)
console.warn: LoginRecipes: "getRecipes: falling back to a synchronous message for:" "https://opensource-demo.orangehrmlive.com"
console.warn: LoginRecipes: "getRecipes: falling back to a synchronous message for:" "https://opensource-demo.orangehrmlive.com"
JavaScript error: resource://gre/modules/LoginManagerParent.jsm, line 136: TypeError: gRecipeManager is null
]]></system-err>
  </testcase>
  <testcase name="test_upgradePage" classname="selenium.UITests" time="2.154">
    <failure message="null" type="java.lang.AssertionError"><![CDATA[java.lang.AssertionError: null
	at org.testng.Assert.fail(Assert.java:110)
	at org.testng.Assert.fail(Assert.java:115)
	at selenium.UITests.test_upgradePage(UITests.java:44)
	at java.base/jdk.internal.reflect.DirectMethodHandleAccessor.invoke(DirectMethodHandleAccessor.java:103)
	at java.base/java.lang.reflect.Method.invoke(Method.java:580)
	at org.testng.internal.invokers.MethodInvocationHelper.invokeMethod(MethodInvocationHelper.java:139)
	at org.testng.internal.invokers.TestInvoker.invokeMethod(TestInvoker.java:677)
	at org.testng.internal.invokers.TestInvoker.invokeTestMethod(TestInvoker.java:221)
	at org.testng.internal.invokers.MethodRunner.runInSequence(MethodRunner.java:50)
	at org.testng.internal.invokers.TestInvoker$MethodInvocationAgent.invoke(TestInvoker.java:969)
	at org.testng.internal.invokers.TestInvoker.invokeTestMethods(TestInvoker.java:194)
	at org.testng.internal.invokers.TestMethodWorker.invokeTestMethods(TestMethodWorker.java:148)
	at org.testng.internal.invokers.TestMethodWorker.run(TestMethodWorker.java:128)
	at java.base/java.util.ArrayList.forEach(ArrayList.java:1597)
	at org.testng.TestRunner.privateRun(TestRunner.java:829)
	at org.testng.TestRunner.run(TestRunner.java:602)
	at org.testng.SuiteRunner.runTest(SuiteRunner.java:437)
	at org.testng.SuiteRunner$SuiteWorker.run(SuiteRunner.java:475)
	at org.testng.internal.thread.ThreadUtil.lambda$execute$0(ThreadUtil.java:58)
	at java.base/java.util.concurrent.FutureTask.run(FutureTask.java:317)
	at java.base/java.util.concurrent.ThreadPoolExecutor.runWorker(ThreadPoolExecutor.java:1144)
	at java.base/java.util.concurrent.ThreadPoolExecutor$Worker.run(ThreadPoolExecutor.java:642)
	at java.base/java.lang.Thread.run(Thread.java:1575)
]]></failure>
    <system-out><![CDATA[17:59:01 [TestNG-tests-1] INFO  Firefox-37 - after test
17:59:01 [TestNG-tests-1] INFO  Firefox-37 - attaching screenshot
17:59:01 [TestNG-tests-1] INFO  io.github.bonigarcia.wdm.WebDriverManager - Using geckodriver 0.31.0 (resolved driver for Firefox 96)
17:59:01 [TestNG-tests-1] INFO  io.github.bonigarcia.wdm.WebDriverManager - Exporting webdriver.gecko.driver as /Users/hira.wahid/.cache/selenium/geckodriver/mac-arm64/0.31.0/geckodriver
17:59:03 [TestNG-tests-1] INFO  Firefox-37 - running before test
17:59:03 [TestNG-tests-1] INFO  Firefox-37 - 🔹 Running login test with base URL: https://opensource-demo.orangehrmlive.com/web/index.php/auth/login
17:59:05 [TestNG-tests-1] INFO  Firefox-37 - running before method
17:59:05 [TestNG-tests-1] INFO  Firefox-37 - Logging In...
17:59:07 [TestNG-tests-1] INFO  Firefox-37 - test_upgradePage

Username
User Role
Employee Name
Status
Actions
17:59:09 [TestNG-tests-1] INFO  Firefox-37 - Taking screenshot: on testFailure event 
successfully captured screenshot
]]></system-out>
    <system-err><![CDATA[1745247541212	Marionette	INFO	Stopped listening on port 54950
1745247541830	geckodriver	INFO	Listening on 127.0.0.1:52009
1745247541839	mozrunner::runner	INFO	Running command: "/Applications/Firefox.app/Contents/MacOS/firefox-bin" "--marionette" "-headless" "--remote-debugging-port" "58242" "--remote-allow-hosts" "localhost" "--remote-allow-origins" "http://localhost:58242/" "-foreground" "-no-remote" "-profile" "/var/folders/wl/zpw609m9197gl89j9x1hn63w0000gr/T/rust_mozprofilefGRcPX"
*** You are running in headless mode.
1745247542123	Marionette	INFO	Marionette enabled
[GFX1-]: RenderCompositorSWGL failed mapping default framebuffer, no dt
console.warn: SearchSettings: "get: No settings file exists, new profile?" (new NotFoundError("Could not open the file at /var/folders/wl/zpw609m9197gl89j9x1hn63w0000gr/T/rust_mozprofilefGRcPX/search.json.mozlz4", (void 0)))
console.error: BackgroundUpdate: 
  _reasonsToNotScheduleUpdates: Failed to check for Maintenance Service Registry Key: [Exception... "Component returned failure code: 0x80004001 (NS_ERROR_NOT_IMPLEMENTED) [nsIUpdateProcessor.getServiceRegKeyExists]"  nsresult: "0x80004001 (NS_ERROR_NOT_IMPLEMENTED)"  location: "JS frame :: resource://gre/modules/BackgroundUpdate.jsm :: _reasonsToNotScheduleUpdates :: line 243"  data: no]
DevTools listening on ws://localhost:58242/devtools/browser/d822cd10-dc2d-4cc9-be97-9fa8a929cbd5
1745247543023	Marionette	INFO	Listening on port 60098
Read port: 60098
1745247543075	RemoteAgent	WARN	TLS certificate errors will be ignored for this session
Apr 21, 2025 5:59:03 PM org.openqa.selenium.remote.ProtocolHandshake createSession
INFO: Detected upstream dialect: W3C
console.error: services.settings: 
  main/query-stripping Signature failed  InvalidSignatureError: Invalid content signature (main/query-stripping)
console.error: services.settings: 
  main/query-stripping local data was corrupted
console.warn: services.settings: main/query-stripping Signature verified failed. Retry from scratch
console.error: services.settings: 
  main/query-stripping Signature failed again InvalidSignatureError: Invalid content signature (main/query-stripping)
console.warn: LoginRecipes: "getRecipes: falling back to a synchronous message for:" "https://opensource-demo.orangehrmlive.com"
console.warn: LoginRecipes: "getRecipes: falling back to a synchronous message for:" "https://opensource-demo.orangehrmlive.com"
JavaScript error: resource://gre/modules/LoginManagerParent.jsm, line 136: TypeError: gRecipeManager is null
JavaScript error: , line 0: uncaught exception: Object
JavaScript error: , line 0: uncaught exception: Object
JavaScript error: , line 0: uncaught exception: Object
JavaScript error: , line 0: uncaught exception: Object
JavaScript error: , line 0: uncaught exception: Object
JavaScript error: , line 0: uncaught exception: Object
JavaScript error: , line 0: uncaught exception: Object
JavaScript error: , line 0: uncaught exception: Object
]]></system-err>
  </testcase>
  <testcase name="test_invalid_login" classname="selenium.LoginTest" time="2.195">
    <system-out><![CDATA[17:59:09 [TestNG-tests-1] INFO  Firefox-37 - after test
17:59:09 [TestNG-tests-1] INFO  Firefox-37 - attaching screenshot
17:59:09 [TestNG-tests-1] INFO  Firefox-37 - after class
17:59:09 [TestNG-tests-1] INFO  io.github.bonigarcia.wdm.WebDriverManager - Using geckodriver 0.31.0 (resolved driver for Firefox 96)
17:59:09 [TestNG-tests-1] INFO  io.github.bonigarcia.wdm.WebDriverManager - Exporting webdriver.gecko.driver as /Users/hira.wahid/.cache/selenium/geckodriver/mac-arm64/0.31.0/geckodriver
17:59:11 [TestNG-tests-1] INFO  Firefox-37 - running before test
17:59:11 [TestNG-tests-1] INFO  Firefox-37 - 🔹 Running login test with base URL: https://opensource-demo.orangehrmlive.com/web/index.php/auth/login
]]></system-out>
    <system-err><![CDATA[1745247549263	Marionette	INFO	Stopped listening on port 60098

###!!! [Parent][RunMessage] Error: Channel closing: too late to send/recv, messages will be lost

1745247549722	geckodriver	INFO	Listening on 127.0.0.1:52830
1745247549761	mozrunner::runner	INFO	Running command: "/Applications/Firefox.app/Contents/MacOS/firefox-bin" "--marionette" "-headless" "--remote-debugging-port" "50272" "--remote-allow-hosts" "localhost" "--remote-allow-origins" "http://localhost:50272/" "-foreground" "-no-remote" "-profile" "/var/folders/wl/zpw609m9197gl89j9x1hn63w0000gr/T/rust_mozprofileYcuLpT"
*** You are running in headless mode.
1745247550048	Marionette	INFO	Marionette enabled
[GFX1-]: RenderCompositorSWGL failed mapping default framebuffer, no dt
console.warn: SearchSettings: "get: No settings file exists, new profile?" (new NotFoundError("Could not open the file at /var/folders/wl/zpw609m9197gl89j9x1hn63w0000gr/T/rust_mozprofileYcuLpT/search.json.mozlz4", (void 0)))
console.error: BackgroundUpdate: 
  _reasonsToNotScheduleUpdates: Failed to check for Maintenance Service Registry Key: [Exception... "Component returned failure code: 0x80004001 (NS_ERROR_NOT_IMPLEMENTED) [nsIUpdateProcessor.getServiceRegKeyExists]"  nsresult: "0x80004001 (NS_ERROR_NOT_IMPLEMENTED)"  location: "JS frame :: resource://gre/modules/BackgroundUpdate.jsm :: _reasonsToNotScheduleUpdates :: line 243"  data: no]
DevTools listening on ws://localhost:50272/devtools/browser/d54ff89d-0d9e-49fc-833c-ea8f0b684208
1745247550977	Marionette	INFO	Listening on port 60848
Read port: 60848
1745247550992	RemoteAgent	WARN	TLS certificate errors will be ignored for this session
Apr 21, 2025 5:59:10 PM org.openqa.selenium.remote.ProtocolHandshake createSession
INFO: Detected upstream dialect: W3C
console.error: services.settings: 
  main/query-stripping Signature failed  InvalidSignatureError: Invalid content signature (main/query-stripping)
console.error: services.settings: 
  main/query-stripping local data was corrupted
console.warn: services.settings: main/query-stripping Signature verified failed. Retry from scratch
console.error: services.settings: 
  main/query-stripping Signature failed again InvalidSignatureError: Invalid content signature (main/query-stripping)
console.warn: LoginRecipes: "getRecipes: falling back to a synchronous message for:" "https://opensource-demo.orangehrmlive.com"
console.warn: LoginRecipes: "getRecipes: falling back to a synchronous message for:" "https://opensource-demo.orangehrmlive.com"
JavaScript error: resource://gre/modules/LoginManagerParent.jsm, line 136: TypeError: gRecipeManager is null
]]></system-err>
  </testcase>
  <testcase name="test_valid_login" classname="selenium.LoginTest" time="2.555">
    <system-out><![CDATA[17:59:15 [TestNG-tests-1] INFO  Firefox-37 - after test
17:59:15 [TestNG-tests-1] INFO  Firefox-37 - attaching screenshot
17:59:16 [TestNG-tests-1] INFO  io.github.bonigarcia.wdm.WebDriverManager - Using geckodriver 0.31.0 (resolved driver for Firefox 96)
17:59:16 [TestNG-tests-1] INFO  io.github.bonigarcia.wdm.WebDriverManager - Exporting webdriver.gecko.driver as /Users/hira.wahid/.cache/selenium/geckodriver/mac-arm64/0.31.0/geckodriver
17:59:17 [TestNG-tests-1] INFO  Firefox-37 - running before test
17:59:17 [TestNG-tests-1] INFO  Firefox-37 - 🔹 Running login test with base URL: https://opensource-demo.orangehrmlive.com/web/index.php/auth/login
]]></system-out>
    <system-err><![CDATA[1745247555628	Marionette	INFO	Stopped listening on port 60848

###!!! [Parent][RunMessage] Error: Channel closing: too late to send/recv, messages will be lost

1745247556159	geckodriver	INFO	Listening on 127.0.0.1:50502
1745247556167	mozrunner::runner	INFO	Running command: "/Applications/Firefox.app/Contents/MacOS/firefox-bin" "--marionette" "-headless" "--remote-debugging-port" "50316" "--remote-allow-hosts" "localhost" "--remote-allow-origins" "http://localhost:50316/" "-foreground" "-no-remote" "-profile" "/var/folders/wl/zpw609m9197gl89j9x1hn63w0000gr/T/rust_mozprofileqLd3UH"
*** You are running in headless mode.
1745247556442	Marionette	INFO	Marionette enabled
[GFX1-]: RenderCompositorSWGL failed mapping default framebuffer, no dt
console.warn: SearchSettings: "get: No settings file exists, new profile?" (new NotFoundError("Could not open the file at /var/folders/wl/zpw609m9197gl89j9x1hn63w0000gr/T/rust_mozprofileqLd3UH/search.json.mozlz4", (void 0)))
console.error: BackgroundUpdate: 
  _reasonsToNotScheduleUpdates: Failed to check for Maintenance Service Registry Key: [Exception... "Component returned failure code: 0x80004001 (NS_ERROR_NOT_IMPLEMENTED) [nsIUpdateProcessor.getServiceRegKeyExists]"  nsresult: "0x80004001 (NS_ERROR_NOT_IMPLEMENTED)"  location: "JS frame :: resource://gre/modules/BackgroundUpdate.jsm :: _reasonsToNotScheduleUpdates :: line 243"  data: no]
DevTools listening on ws://localhost:50316/devtools/browser/e760d735-e250-41e2-b355-b53b5d6d2e24
1745247557359	Marionette	INFO	Listening on port 63815
Read port: 63815
1745247557403	RemoteAgent	WARN	TLS certificate errors will be ignored for this session
Apr 21, 2025 5:59:17 PM org.openqa.selenium.remote.ProtocolHandshake createSession
INFO: Detected upstream dialect: W3C
console.error: services.settings: 
  main/query-stripping Signature failed  InvalidSignatureError: Invalid content signature (main/query-stripping)
console.error: services.settings: 
  main/query-stripping local data was corrupted
console.warn: services.settings: main/query-stripping Signature verified failed. Retry from scratch
console.error: services.settings: 
  main/query-stripping Signature failed again InvalidSignatureError: Invalid content signature (main/query-stripping)
console.warn: LoginRecipes: "getRecipes: falling back to a synchronous message for:" "https://opensource-demo.orangehrmlive.com"
console.warn: LoginRecipes: "getRecipes: falling back to a synchronous message for:" "https://opensource-demo.orangehrmlive.com"
JavaScript error: resource://gre/modules/LoginManagerParent.jsm, line 136: TypeError: gRecipeManager is null
]]></system-err>
  </testcase>
  <testcase name="test_forgot_Login" classname="selenium.LoginTest" time="2.235">
    <system-out><![CDATA[17:59:22 [TestNG-tests-1] INFO  Firefox-37 - after test
17:59:22 [TestNG-tests-1] INFO  Firefox-37 - attaching screenshot
17:59:22 [TestNG-tests-1] INFO  io.github.bonigarcia.wdm.WebDriverManager - Using geckodriver 0.31.0 (resolved driver for Firefox 96)
17:59:22 [TestNG-tests-1] INFO  io.github.bonigarcia.wdm.WebDriverManager - Exporting webdriver.gecko.driver as /Users/hira.wahid/.cache/selenium/geckodriver/mac-arm64/0.31.0/geckodriver
17:59:24 [TestNG-tests-1] INFO  Firefox-37 - running before test
17:59:24 [TestNG-tests-1] INFO  Firefox-37 - 🔹 Running login test with base URL: https://opensource-demo.orangehrmlive.com/web/index.php/auth/login
]]></system-out>
    <system-err><![CDATA[1745247562337	Marionette	INFO	Stopped listening on port 63815

###!!! [Parent][RunMessage] Error: Channel closing: too late to send/recv, messages will be lost

1745247562788	geckodriver	INFO	Listening on 127.0.0.1:57094
1745247562800	mozrunner::runner	INFO	Running command: "/Applications/Firefox.app/Contents/MacOS/firefox-bin" "--marionette" "-headless" "--remote-debugging-port" "56889" "--remote-allow-hosts" "localhost" "--remote-allow-origins" "http://localhost:56889/" "-foreground" "-no-remote" "-profile" "/var/folders/wl/zpw609m9197gl89j9x1hn63w0000gr/T/rust_mozprofilegkc9kT"
*** You are running in headless mode.
1745247563082	Marionette	INFO	Marionette enabled
[GFX1-]: RenderCompositorSWGL failed mapping default framebuffer, no dt
console.warn: SearchSettings: "get: No settings file exists, new profile?" (new NotFoundError("Could not open the file at /var/folders/wl/zpw609m9197gl89j9x1hn63w0000gr/T/rust_mozprofilegkc9kT/search.json.mozlz4", (void 0)))
console.error: BackgroundUpdate: 
  _reasonsToNotScheduleUpdates: Failed to check for Maintenance Service Registry Key: [Exception... "Component returned failure code: 0x80004001 (NS_ERROR_NOT_IMPLEMENTED) [nsIUpdateProcessor.getServiceRegKeyExists]"  nsresult: "0x80004001 (NS_ERROR_NOT_IMPLEMENTED)"  location: "JS frame :: resource://gre/modules/BackgroundUpdate.jsm :: _reasonsToNotScheduleUpdates :: line 243"  data: no]
DevTools listening on ws://localhost:56889/devtools/browser/0369e38f-77aa-4fae-a338-5e649dda570b
1745247563986	Marionette	INFO	Listening on port 64478
Read port: 64478
1745247564045	RemoteAgent	WARN	TLS certificate errors will be ignored for this session
Apr 21, 2025 5:59:24 PM org.openqa.selenium.remote.ProtocolHandshake createSession
INFO: Detected upstream dialect: W3C
console.error: services.settings: 
  main/query-stripping Signature failed  InvalidSignatureError: Invalid content signature (main/query-stripping)
console.error: services.settings: 
  main/query-stripping local data was corrupted
console.warn: services.settings: main/query-stripping Signature verified failed. Retry from scratch
console.error: services.settings: 
  main/query-stripping Signature failed again InvalidSignatureError: Invalid content signature (main/query-stripping)
console.warn: LoginRecipes: "getRecipes: falling back to a synchronous message for:" "https://opensource-demo.orangehrmlive.com"
console.warn: LoginRecipes: "getRecipes: falling back to a synchronous message for:" "https://opensource-demo.orangehrmlive.com"
console.warn: LoginRecipes: "getRecipes: falling back to a synchronous message for:" "https://opensource-demo.orangehrmlive.com"
]]></system-err>
  </testcase>
</testsuite>