<?xml version="1.0" encoding="UTF-8"?>
<testng-results ignored="0" total="0" passed="0" failed="0" skipped="0">
  <reporter-output>
  </reporter-output>
  <suite started-at="2025-05-10T19:26:40 GMT+03:00" name="SeleniumTestSuite" finished-at="2025-05-10T19:26:40 GMT+03:00" duration-ms="5">
    <groups>
    </groups>
    <test started-at="2025-05-10T19:26:40 GMT+03:00" name="FirefoxTest" finished-at="2025-05-10T19:26:40 GMT+03:00" duration-ms="5">
    </test> <!-- FirefoxTest -->
  </suite> <!-- SeleniumTestSuite -->
</testng-results>
